#
# There is insufficient memory for the Java Runtime Environment to continue.
# Native memory allocation (mmap) failed to map 201326592 bytes for Failed to commit area from 0x0000000741600000 to 0x000000074d600000 of length 201326592.
# Possible reasons:
#   The system is out of physical RAM or swap space
#   The process is running with CompressedOops enabled, and the Java Heap may be blocking the growth of the native heap
# Possible solutions:
#   Reduce memory load on the system
#   Increase physical memory or swap space
#   Check if swap backing store is full
#   Decrease Java heap size (-Xmx/-Xms)
#   Decrease number of Java threads
#   Decrease Java thread stack sizes (-Xss)
#   Set larger code cache with -XX:ReservedCodeCacheSize=
# This output file may be truncated or incomplete.
#
#  Out of Memory Error (c:/BuildAgent/work/5ff2f6c26000d570/src/hotspot/os/windows/os_windows.cpp:3291), pid=4692, tid=16084
#
# JRE version:  (11.0.5+10) (build )
# Java VM: OpenJDK 64-Bit Server VM (11.0.5+10-b520.38, mixed mode, aot, sharing, tiered, compressed oops, g1 gc, windows-amd64)
# No core dump will be written. Minidumps are not enabled by default on client versions of Windows
#

---------------  S U M M A R Y ------------

Command Line: org.jetbrains.git4idea.http.GitAskPassApp Username for 'https://github.com': 

Host: Intel(R) Core(TM) i3-8130U CPU @ 2.20GHz, 4 cores, 11G,  Windows 10 , 64 bit Build 18362 (10.0.18362.329)
Time: Sat Apr 11 19:50:25 2020 RTZ 2 (ceia) elapsed time: 0 seconds (0d 0h 0m 0s)

---------------  T H R E A D  ---------------

Current thread (0x00000284d3cc9800):  JavaThread "Unknown thread" [_thread_in_vm, id=16084, stack(0x000000c966a00000,0x000000c966b00000)]

Stack: [0x000000c966a00000,0x000000c966b00000]
Native frames: (J=compiled Java code, j=interpreted, Vv=VM code, C=native code)
V  [jvm.dll+0x5dcafa]
V  [jvm.dll+0x70e375]
V  [jvm.dll+0x70f898]
V  [jvm.dll+0x70ff63]
V  [jvm.dll+0x23e238]
V  [jvm.dll+0x5da1c4]
V  [jvm.dll+0x5cf265]
V  [jvm.dll+0x2fac3b]
V  [jvm.dll+0x2fabaa]
V  [jvm.dll+0x2faa82]
V  [jvm.dll+0x2ff956]
V  [jvm.dll+0x3480d3]
V  [jvm.dll+0x3487d6]
V  [jvm.dll+0x3481d3]
V  [jvm.dll+0x2d5548]
V  [jvm.dll+0x2d66e7]
V  [jvm.dll+0x6ed237]
V  [jvm.dll+0x6eea2c]
V  [jvm.dll+0x355849]
V  [jvm.dll+0x6d239e]
V  [jvm.dll+0x3be283]
V  [jvm.dll+0x3c0701]
C  [jli.dll+0x5363]
C  [ucrtbase.dll+0x20e72]
C  [KERNEL32.DLL+0x17bd4]
C  [ntdll.dll+0x6ced1]


---------------  P R O C E S S  ---------------

Threads class SMR info:
_java_thread_list=0x00000284d1b047a0, length=0, elements={
}

Java Threads: ( => current thread )

Other Threads:
  0x00000284d3ce2000 GCTaskThread "GC Thread#0" [stack: 0x000000c966b00000,0x000000c966c00000] [id=20560]
  0x00000284d3d2a000 ConcurrentGCThread "G1 Main Marker" [stack: 0x000000c966c00000,0x000000c966d00000] [id=14040]
  0x00000284d3d2c800 ConcurrentGCThread "G1 Conc#0" [stack: 0x000000c966d00000,0x000000c966e00000] [id=12400]

[error occurred during error reporting (printing all threads), id 0xc0000005, EXCEPTION_ACCESS_VIOLATION (0xc0000005) at pc=0x00007ffd4dd25c17]

VM state:not at safepoint (not fully initialized)

VM Mutex/Monitor currently owned by a thread:  ([mutex/lock_event])
[0x00000284d3cc66e0] Heap_lock - owner thread: 0x00000284d3cc9800

Heap address: 0x0000000741600000, size: 3050 MB, Compressed Oops mode: Non-zero based: 0x0000000741600000
Narrow klass base: 0x0000000000000000, Narrow klass shift: 0

GC Heap History (0 events):
No events

Deoptimization events (0 events):
No events

Classes redefined (0 events):
No events

Internal exceptions (0 events):
No events

Events (0 events):
No events


Dynamic libraries:
0x00007ff7be440000 - 0x00007ff7be44a000 	C:\Program Files\JetBrains\WebStorm 2019.3.3\jbr\bin\java.exe
0x00007ffd95e40000 - 0x00007ffd96030000 	C:\WINDOWS\SYSTEM32\ntdll.dll
0x00007ffd94510000 - 0x00007ffd945c2000 	C:\WINDOWS\System32\KERNEL32.DLL
0x00007ffd931b0000 - 0x00007ffd93453000 	C:\WINDOWS\System32\KERNELBASE.dll
0x00007ffd92ee0000 - 0x00007ffd92fda000 	C:\WINDOWS\System32\ucrtbase.dll
0x00007ffd7ce10000 - 0x00007ffd7ce29000 	C:\Program Files\JetBrains\WebStorm 2019.3.3\jbr\bin\jli.dll
0x00007ffd7c970000 - 0x00007ffd7c987000 	C:\Program Files\JetBrains\WebStorm 2019.3.3\jbr\bin\VCRUNTIME140.dll
0x00007ffd94bb0000 - 0x00007ffd94d44000 	C:\WINDOWS\System32\USER32.dll
0x00007ffd93180000 - 0x00007ffd931a1000 	C:\WINDOWS\System32\win32u.dll
0x00007ffd81870000 - 0x00007ffd81af5000 	C:\WINDOWS\WinSxS\amd64_microsoft.windows.common-controls_6595b64144ccf1df_6.0.18362.720_none_e6beb5c51314836b\COMCTL32.dll
0x00007ffd94600000 - 0x00007ffd94626000 	C:\WINDOWS\System32\GDI32.dll
0x00007ffd93fd0000 - 0x00007ffd9406e000 	C:\WINDOWS\System32\msvcrt.dll
0x00007ffd92fe0000 - 0x00007ffd93174000 	C:\WINDOWS\System32\gdi32full.dll
0x00007ffd93580000 - 0x00007ffd9361e000 	C:\WINDOWS\System32\msvcp_win.dll
0x00007ffd95850000 - 0x00007ffd95b86000 	C:\WINDOWS\System32\combase.dll
0x00007ffd94200000 - 0x00007ffd94320000 	C:\WINDOWS\System32\RPCRT4.dll
0x00007ffd934d0000 - 0x00007ffd93550000 	C:\WINDOWS\System32\bcryptPrimitives.dll
0x00007ffd941d0000 - 0x00007ffd941fe000 	C:\WINDOWS\System32\IMM32.DLL
0x00007ffd5af90000 - 0x00007ffd5b02d000 	C:\Program Files\JetBrains\WebStorm 2019.3.3\jbr\bin\msvcp140.dll
0x00007ffd4da40000 - 0x00007ffd4e4fb000 	C:\Program Files\JetBrains\WebStorm 2019.3.3\jbr\bin\server\jvm.dll
0x00007ffd94120000 - 0x00007ffd941c3000 	C:\WINDOWS\System32\ADVAPI32.dll
0x00007ffd94470000 - 0x00007ffd94507000 	C:\WINDOWS\System32\sechost.dll
0x00007ffd93ef0000 - 0x00007ffd93ef8000 	C:\WINDOWS\System32\PSAPI.DLL
0x00007ffd8a430000 - 0x00007ffd8a454000 	C:\WINDOWS\SYSTEM32\WINMM.dll
0x00007ffd887b0000 - 0x00007ffd887b9000 	C:\WINDOWS\SYSTEM32\WSOCK32.dll
0x00007ffd94d50000 - 0x00007ffd94dbf000 	C:\WINDOWS\System32\WS2_32.dll
0x00007ffd8a1f0000 - 0x00007ffd8a21d000 	C:\WINDOWS\SYSTEM32\WINMMBASE.dll
0x00007ffd93480000 - 0x00007ffd934ca000 	C:\WINDOWS\System32\cfgmgr32.dll
0x00007ffd8c1c0000 - 0x00007ffd8c1ca000 	C:\WINDOWS\SYSTEM32\VERSION.dll
0x00007ffd92d60000 - 0x00007ffd92d71000 	C:\WINDOWS\System32\kernel.appcore.dll
0x00007ffd8ca30000 - 0x00007ffd8ca41000 	C:\Program Files\JetBrains\WebStorm 2019.3.3\jbr\bin\verify.dll
0x00007ffd91700000 - 0x00007ffd918f4000 	C:\WINDOWS\SYSTEM32\DBGHELP.DLL
0x00007ffd8b8a0000 - 0x00007ffd8b8ca000 	C:\WINDOWS\SYSTEM32\dbgcore.DLL
0x00007ffd8a1c0000 - 0x00007ffd8a1e9000 	C:\Program Files\JetBrains\WebStorm 2019.3.3\jbr\bin\java.dll
0x00007ffd8a1a0000 - 0x00007ffd8a1b7000 	C:\Program Files\JetBrains\WebStorm 2019.3.3\jbr\bin\zip.dll
0x00007ffd8e490000 - 0x00007ffd8e49b000 	C:\Program Files\JetBrains\WebStorm 2019.3.3\jbr\bin\jimage.dll

dbghelp: loaded successfully - version: 4.0.5 - missing functions: none
symbol engine: initialized successfully - sym options: 0x614 - pdb path: .;C:\Program Files\JetBrains\WebStorm 2019.3.3\jbr\bin;C:\WINDOWS\SYSTEM32;C:\WINDOWS\WinSxS\amd64_microsoft.windows.common-controls_6595b64144ccf1df_6.0.18362.720_none_e6beb5c51314836b;C:\Program Files\JetBrains\WebStorm 2019.3.3\jbr\bin\server

VM Arguments:
java_command: org.jetbrains.git4idea.http.GitAskPassApp Username for 'https://github.com': 
java_class_path (initial): C:/Program Files/JetBrains/WebStorm 2019.3.3/plugins/git4idea/lib/git4idea-rt.jar;C:/Program Files/JetBrains/WebStorm 2019.3.3/lib/xmlrpc-2.0.1.jar;C:/Program Files/JetBrains/WebStorm 2019.3.3/lib/commons-codec-1.13.jar;C:/Program Files/JetBrains/WebStorm 2019.3.3/lib/util.jar
Launcher Type: SUN_STANDARD

[Global flags]
     intx CICompilerCount                          = 3                                         {product} {ergonomic}
     uint ConcGCThreads                            = 1                                         {product} {ergonomic}
     uint G1ConcRefinementThreads                  = 4                                         {product} {ergonomic}
   size_t G1HeapRegionSize                         = 1048576                                   {product} {ergonomic}
    uintx GCDrainStackTargetSize                   = 64                                        {product} {ergonomic}
   size_t InitialHeapSize                          = 201326592                                 {product} {ergonomic}
   size_t MarkStackSize                            = 4194304                                   {product} {ergonomic}
   size_t MaxHeapSize                              = 3198156800                                {product} {ergonomic}
   size_t MinHeapDeltaBytes                        = 1048576                                   {product} {ergonomic}
    uintx NonNMethodCodeHeapSize                   = 5830732                                {pd product} {ergonomic}
    uintx NonProfiledCodeHeapSize                  = 122913754                              {pd product} {ergonomic}
    uintx ProfiledCodeHeapSize                     = 122913754                              {pd product} {ergonomic}
    uintx ReservedCodeCacheSize                    = 251658240                              {pd product} {ergonomic}
     bool SegmentedCodeCache                       = true                                      {product} {ergonomic}
     bool UseCompressedClassPointers               = true                                 {lp64_product} {ergonomic}
     bool UseCompressedOops                        = true                                 {lp64_product} {ergonomic}
     bool UseG1GC                                  = true                                      {product} {ergonomic}
     bool UseLargePagesIndividualAllocation        = false                                  {pd product} {ergonomic}

Logging:
Log output configuration:
 #0: stdout all=warning uptime,level,tags
 #1: stderr all=off uptime,level,tags

Environment Variables:
PATH=C:\Program Files\Git\mingw64\libexec\git-core;C:\Program Files\Git\mingw64\libexec\git-core;C:\Program Files\Git\mingw64\bin;C:\Program Files\Git\usr\bin;C:\Users\ivan-\bin;C:\Program Files (x86)\Intel\iCLS Client;C:\Program Files\Intel\iCLS Client;C:\Windows\system32;C:\Windows;C:\Windows\System32\Wbem;C:\Windows\System32\WindowsPowerShell\v1.0;C:\Program Files (x86)\Intel\Intel(R) Management Engine Components\DAL;C:\Program Files\Intel\Intel(R) Management Engine Components\DAL;C:\Program Files (x86)\Intel\Intel(R) Management Engine Components\IPT;C:\Program Files\Intel\Intel(R) Management Engine Components\IPT;C:\Program Files (x86)\NVIDIA Corporation\PhysX\Common;C:\WINDOWS\system32;C:\WINDOWS;C:\WINDOWS\System32\Wbem;C:\WINDOWS\System32\WindowsPowerShell\v1.0;C:\WINDOWS\System32\OpenSSH;C:\Program Files\nodejs;C:\Program Files\Git\cmd;C:\Program Files (x86)\Yarn\bin;C:\Users\ivan-\AppData\Local\Microsoft\WindowsApps;C:\Users\ivan-\AppData\Local\Programs\Microsoft VS Code\bin;C:\Program Files\JetBrains\WebStorm 2019.3.3\bin;C:\Users\ivan-\AppData\Roaming\npm;C:\Users\ivan-\AppData\Local\Yarn\bin
USERNAME=ivan-
DISPLAY=:0.0
OS=Windows_NT
PROCESSOR_IDENTIFIER=Intel64 Family 6 Model 142 Stepping 10, GenuineIntel



---------------  S Y S T E M  ---------------

OS: Windows 10 , 64 bit Build 18362 (10.0.18362.329)

CPU:total 4 (initial active 4) (2 cores per cpu, 2 threads per core) family 6 model 142 stepping 10, cmov, cx8, fxsr, mmx, sse, sse2, sse3, ssse3, sse4.1, sse4.2, popcnt, avx, avx2, aes, clmul, erms, 3dnowpref, lzcnt, ht, tsc, tscinvbit, bmi1, bmi2, adx, fma

Memory: 4k page, system-wide physical 12197M (2007M free)
TotalPageFile size 18389M (AvailPageFile size 88M)
current process WorkingSet (physical memory assigned to process): 9M, peak: 10M
current process commit charge ("private bytes"): 51M, peak: 243M

vm_info: OpenJDK 64-Bit Server VM (11.0.5+10-b520.38) for windows-amd64 JRE (11.0.5+10-b520.38), built on Jan 23 2020 07:58:32 by "" with MS VC++ 14.0 (VS2015)

END.
